C:\Users\Kuba\documents\visual studio 2010\Projects\draw\Debug\draw.exe
C:\Users\Kuba\documents\visual studio 2010\Projects\draw\Debug\draw.ilk
C:\Users\Kuba\documents\visual studio 2010\Projects\draw\Debug\draw.pdb
C:\Users\Kuba\documents\visual studio 2010\Projects\draw\draw\Debug\cl.command.1.tlog
C:\Users\Kuba\documents\visual studio 2010\Projects\draw\draw\Debug\CL.read.1.tlog
C:\Users\Kuba\documents\visual studio 2010\Projects\draw\draw\Debug\CL.write.1.tlog
C:\USERS\KUBA\DOCUMENTS\VISUAL STUDIO 2010\PROJECTS\DRAW\DRAW\DEBUG\DRAW.EXE.EMBED.MANIFEST
C:\USERS\KUBA\DOCUMENTS\VISUAL STUDIO 2010\PROJECTS\DRAW\DRAW\DEBUG\DRAW.EXE.EMBED.MANIFEST.RES
C:\Users\Kuba\documents\visual studio 2010\Projects\draw\draw\Debug\draw.exe.intermediate.manifest
C:\USERS\KUBA\DOCUMENTS\VISUAL STUDIO 2010\PROJECTS\DRAW\DRAW\DEBUG\DRAW.OBJ
C:\USERS\KUBA\DOCUMENTS\VISUAL STUDIO 2010\PROJECTS\DRAW\DRAW\DEBUG\DRAW.PCH
C:\USERS\KUBA\DOCUMENTS\VISUAL STUDIO 2010\PROJECTS\DRAW\DRAW\DEBUG\DRAW.RES
C:\Users\Kuba\documents\visual studio 2010\Projects\draw\draw\Debug\draw.write.1.tlog
C:\Users\Kuba\documents\visual studio 2010\Projects\draw\draw\Debug\draw_manifest.rc
C:\Users\Kuba\documents\visual studio 2010\Projects\draw\draw\Debug\link.11104.read.1.tlog
C:\Users\Kuba\documents\visual studio 2010\Projects\draw\draw\Debug\link.11104.write.1.tlog
C:\Users\Kuba\documents\visual studio 2010\Projects\draw\draw\Debug\link.11104-cvtres.read.1.tlog
C:\Users\Kuba\documents\visual studio 2010\Projects\draw\draw\Debug\link.11104-cvtres.write.1.tlog
C:\Users\Kuba\documents\visual studio 2010\Projects\draw\draw\Debug\link.12524.read.1.tlog
C:\Users\Kuba\documents\visual studio 2010\Projects\draw\draw\Debug\link.12524.write.1.tlog
C:\Users\Kuba\documents\visual studio 2010\Projects\draw\draw\Debug\link.12524-cvtres.read.1.tlog
C:\Users\Kuba\documents\visual studio 2010\Projects\draw\draw\Debug\link.12524-cvtres.write.1.tlog
C:\Users\Kuba\documents\visual studio 2010\Projects\draw\draw\Debug\link.command.1.tlog
C:\Users\Kuba\documents\visual studio 2010\Projects\draw\draw\Debug\link.read.1.tlog
C:\Users\Kuba\documents\visual studio 2010\Projects\draw\draw\Debug\link.write.1.tlog
C:\Users\Kuba\documents\visual studio 2010\Projects\draw\draw\Debug\link-cvtres.read.1.tlog
C:\Users\Kuba\documents\visual studio 2010\Projects\draw\draw\Debug\link-cvtres.write.1.tlog
C:\Users\Kuba\documents\visual studio 2010\Projects\draw\draw\Debug\mt.command.1.tlog
C:\Users\Kuba\documents\visual studio 2010\Projects\draw\draw\Debug\mt.read.1.tlog
C:\Users\Kuba\documents\visual studio 2010\Projects\draw\draw\Debug\mt.write.1.tlog
C:\Users\Kuba\documents\visual studio 2010\Projects\draw\draw\Debug\rc.command.1.tlog
C:\Users\Kuba\documents\visual studio 2010\Projects\draw\draw\Debug\rc.read.1.tlog
C:\Users\Kuba\documents\visual studio 2010\Projects\draw\draw\Debug\rc.write.1.tlog
C:\USERS\KUBA\DOCUMENTS\VISUAL STUDIO 2010\PROJECTS\DRAW\DRAW\DEBUG\STDAFX.OBJ
C:\Users\Kuba\documents\visual studio 2010\Projects\draw\draw\Debug\vc100.idb
C:\USERS\KUBA\DOCUMENTS\VISUAL STUDIO 2010\PROJECTS\DRAW\DRAW\DEBUG\VC100.PDB
